<?xml version="1.0" encoding="UTF-8"?>
<!-- Generated by org.testng.reporters.JUnitReportReporter -->
<testsuite skipped="0" hostname="Eliza-98" name="paquete.Practice" tests="1" failures="0" timestamp="20 oct 2018 15:46:06 GMT" time="45.751" errors="0">
  <testcase name="MetodoPractica" time="45.751" classname="paquete.Practice"/>
</testsuite> <!-- paquete.Practice -->
