<?xml version="1.0" encoding="UTF-8"?>
<!-- Generated by org.testng.reporters.JUnitReportReporter -->
<testsuite skipped="0" hostname="Eliza-98" name="test.MyTest" tests="1" failures="0" timestamp="27 oct 2018 16:24:35 GMT" time="3.478" errors="0">
  <testcase name="ingresarSahiThrow" time="3.478" classname="test.MyTest"/>
</testsuite> <!-- test.MyTest -->
